INFO 22:58:37:719 wdm.WebDriverManager detectDriverVersionFromBrowser:615 Using chromedriver 112.0.5615.49 (since Google Chrome 112 is installed in your machine)
INFO 22:58:37:750 wdm.WebDriverManager getDriversFromXml:1077 Reading https://chromedriver.storage.googleapis.com/ to seek chromedriver
INFO 22:58:39:814 wdm.Downloader downloadAndExtract:128 Downloading https://chromedriver.storage.googleapis.com/112.0.5615.49/chromedriver_mac64.zip
INFO 22:59:03:964 wdm.Downloader extract:183 Extracting binary from compressed file chromedriver_mac64.zip
INFO 22:59:04:098 wdm.WebDriverManager exportDriver:1113 Exporting webdriver.chrome.driver as /Users/gulnozakasimova/.m2/repository/webdriver/chromedriver/mac64/112.0.5615.49/chromedriver
INFO 23:06:16:722 wdm.WebDriverManager detectDriverVersionFromBrowser:615 Using chromedriver 112.0.5615.49 (since Google Chrome 112 is installed in your machine)
INFO 23:06:16:738 wdm.WebDriverManager exportDriver:1113 Exporting webdriver.chrome.driver as /Users/gulnozakasimova/.m2/repository/webdriver/chromedriver/mac64/112.0.5615.49/chromedriver
INFO 23:08:22:157 wdm.WebDriverManager detectDriverVersionFromBrowser:615 Using chromedriver 112.0.5615.49 (since Google Chrome 112 is installed in your machine)
INFO 23:08:22:172 wdm.WebDriverManager exportDriver:1113 Exporting webdriver.chrome.driver as /Users/gulnozakasimova/.m2/repository/webdriver/chromedriver/mac64/112.0.5615.49/chromedriver
INFO 23:10:10:785 wdm.WebDriverManager detectDriverVersionFromBrowser:615 Using chromedriver 112.0.5615.49 (since Google Chrome 112 is installed in your machine)
INFO 23:10:10:800 wdm.WebDriverManager exportDriver:1113 Exporting webdriver.chrome.driver as /Users/gulnozakasimova/.m2/repository/webdriver/chromedriver/mac64/112.0.5615.49/chromedriver
INFO 16:58:07:696 wdm.WebDriverManager detectDriverVersionFromBrowser:615 Using chromedriver 112.0.5615.49 (since Google Chrome 112 is installed in your machine)
INFO 16:58:07:715 wdm.WebDriverManager exportDriver:1113 Exporting webdriver.chrome.driver as /Users/gulnozakasimova/.m2/repository/webdriver/chromedriver/mac64/112.0.5615.49/chromedriver
INFO 16:59:08:213 wdm.WebDriverManager detectDriverVersionFromBrowser:615 Using chromedriver 112.0.5615.49 (since Google Chrome 112 is installed in your machine)
INFO 16:59:08:230 wdm.WebDriverManager exportDriver:1113 Exporting webdriver.chrome.driver as /Users/gulnozakasimova/.m2/repository/webdriver/chromedriver/mac64/112.0.5615.49/chromedriver
INFO 17:08:55:253 wdm.WebDriverManager detectDriverVersionFromBrowser:615 Using chromedriver 112.0.5615.49 (since Google Chrome 112 is installed in your machine)
INFO 17:08:55:270 wdm.WebDriverManager exportDriver:1113 Exporting webdriver.chrome.driver as /Users/gulnozakasimova/.m2/repository/webdriver/chromedriver/mac64/112.0.5615.49/chromedriver
INFO 17:24:13:851 wdm.WebDriverManager detectDriverVersionFromBrowser:615 Using chromedriver 112.0.5615.49 (since Google Chrome 112 is installed in your machine)
INFO 17:24:13:871 wdm.WebDriverManager exportDriver:1113 Exporting webdriver.chrome.driver as /Users/gulnozakasimova/.m2/repository/webdriver/chromedriver/mac64/112.0.5615.49/chromedriver
INFO 17:25:14:531 wdm.WebDriverManager detectDriverVersionFromBrowser:615 Using chromedriver 112.0.5615.49 (since Google Chrome 112 is installed in your machine)
INFO 17:25:14:546 wdm.WebDriverManager exportDriver:1113 Exporting webdriver.chrome.driver as /Users/gulnozakasimova/.m2/repository/webdriver/chromedriver/mac64/112.0.5615.49/chromedriver
INFO 17:26:51:601 wdm.WebDriverManager detectDriverVersionFromBrowser:615 Using chromedriver 112.0.5615.49 (since Google Chrome 112 is installed in your machine)
INFO 17:26:51:621 wdm.WebDriverManager exportDriver:1113 Exporting webdriver.chrome.driver as /Users/gulnozakasimova/.m2/repository/webdriver/chromedriver/mac64/112.0.5615.49/chromedriver
INFO 17:30:54:263 wdm.WebDriverManager detectDriverVersionFromBrowser:615 Using chromedriver 112.0.5615.49 (since Google Chrome 112 is installed in your machine)
INFO 17:30:54:279 wdm.WebDriverManager exportDriver:1113 Exporting webdriver.chrome.driver as /Users/gulnozakasimova/.m2/repository/webdriver/chromedriver/mac64/112.0.5615.49/chromedriver
INFO 17:31:10:491 wdm.WebDriverManager detectDriverVersionFromBrowser:615 Using chromedriver 112.0.5615.49 (since Google Chrome 112 is installed in your machine)
INFO 17:31:10:495 wdm.WebDriverManager exportDriver:1113 Exporting webdriver.chrome.driver as /Users/gulnozakasimova/.m2/repository/webdriver/chromedriver/mac64/112.0.5615.49/chromedriver
INFO 17:31:23:953 wdm.WebDriverManager detectDriverVersionFromBrowser:615 Using chromedriver 112.0.5615.49 (since Google Chrome 112 is installed in your machine)
INFO 17:31:23:956 wdm.WebDriverManager exportDriver:1113 Exporting webdriver.chrome.driver as /Users/gulnozakasimova/.m2/repository/webdriver/chromedriver/mac64/112.0.5615.49/chromedriver
INFO 17:38:09:865 wdm.WebDriverManager detectDriverVersionFromBrowser:615 Using chromedriver 112.0.5615.49 (since Google Chrome 112 is installed in your machine)
INFO 17:38:09:886 wdm.WebDriverManager exportDriver:1113 Exporting webdriver.chrome.driver as /Users/gulnozakasimova/.m2/repository/webdriver/chromedriver/mac64/112.0.5615.49/chromedriver
INFO 17:38:27:533 wdm.WebDriverManager detectDriverVersionFromBrowser:615 Using chromedriver 112.0.5615.49 (since Google Chrome 112 is installed in your machine)
INFO 17:38:27:536 wdm.WebDriverManager exportDriver:1113 Exporting webdriver.chrome.driver as /Users/gulnozakasimova/.m2/repository/webdriver/chromedriver/mac64/112.0.5615.49/chromedriver
INFO 17:38:43:937 wdm.WebDriverManager detectDriverVersionFromBrowser:615 Using chromedriver 112.0.5615.49 (since Google Chrome 112 is installed in your machine)
INFO 17:38:43:943 wdm.WebDriverManager exportDriver:1113 Exporting webdriver.chrome.driver as /Users/gulnozakasimova/.m2/repository/webdriver/chromedriver/mac64/112.0.5615.49/chromedriver
INFO 17:54:27:370 wdm.WebDriverManager detectDriverVersionFromBrowser:615 Using chromedriver 112.0.5615.49 (since Google Chrome 112 is installed in your machine)
INFO 17:54:27:387 wdm.WebDriverManager exportDriver:1113 Exporting webdriver.chrome.driver as /Users/gulnozakasimova/.m2/repository/webdriver/chromedriver/mac64/112.0.5615.49/chromedriver
INFO 17:58:46:432 wdm.WebDriverManager detectDriverVersionFromBrowser:615 Using chromedriver 112.0.5615.49 (since Google Chrome 112 is installed in your machine)
INFO 17:58:46:451 wdm.WebDriverManager exportDriver:1113 Exporting webdriver.chrome.driver as /Users/gulnozakasimova/.m2/repository/webdriver/chromedriver/mac64/112.0.5615.49/chromedriver
INFO 18:28:12:881 wdm.WebDriverManager detectDriverVersionFromBrowser:615 Using chromedriver 112.0.5615.49 (since Google Chrome 112 is installed in your machine)
INFO 18:28:12:900 wdm.WebDriverManager exportDriver:1113 Exporting webdriver.chrome.driver as /Users/gulnozakasimova/.m2/repository/webdriver/chromedriver/mac64/112.0.5615.49/chromedriver
INFO 18:29:29:178 wdm.WebDriverManager detectDriverVersionFromBrowser:615 Using chromedriver 112.0.5615.49 (since Google Chrome 112 is installed in your machine)
INFO 18:29:29:194 wdm.WebDriverManager exportDriver:1113 Exporting webdriver.chrome.driver as /Users/gulnozakasimova/.m2/repository/webdriver/chromedriver/mac64/112.0.5615.49/chromedriver
INFO 18:31:34:278 wdm.WebDriverManager detectDriverVersionFromBrowser:615 Using chromedriver 112.0.5615.49 (since Google Chrome 112 is installed in your machine)
INFO 18:31:34:297 wdm.WebDriverManager exportDriver:1113 Exporting webdriver.chrome.driver as /Users/gulnozakasimova/.m2/repository/webdriver/chromedriver/mac64/112.0.5615.49/chromedriver
INFO 18:31:48:045 wdm.WebDriverManager detectDriverVersionFromBrowser:615 Using chromedriver 112.0.5615.49 (since Google Chrome 112 is installed in your machine)
INFO 18:31:48:049 wdm.WebDriverManager exportDriver:1113 Exporting webdriver.chrome.driver as /Users/gulnozakasimova/.m2/repository/webdriver/chromedriver/mac64/112.0.5615.49/chromedriver
INFO 18:32:03:812 wdm.WebDriverManager detectDriverVersionFromBrowser:615 Using chromedriver 112.0.5615.49 (since Google Chrome 112 is installed in your machine)
INFO 18:32:03:816 wdm.WebDriverManager exportDriver:1113 Exporting webdriver.chrome.driver as /Users/gulnozakasimova/.m2/repository/webdriver/chromedriver/mac64/112.0.5615.49/chromedriver
INFO 18:35:03:904 wdm.WebDriverManager detectDriverVersionFromBrowser:615 Using chromedriver 112.0.5615.49 (since Google Chrome 112 is installed in your machine)
INFO 18:35:03:924 wdm.WebDriverManager exportDriver:1113 Exporting webdriver.chrome.driver as /Users/gulnozakasimova/.m2/repository/webdriver/chromedriver/mac64/112.0.5615.49/chromedriver
INFO 18:39:49:455 wdm.WebDriverManager detectDriverVersionFromBrowser:615 Using chromedriver 112.0.5615.49 (since Google Chrome 112 is installed in your machine)
INFO 18:39:49:475 wdm.WebDriverManager exportDriver:1113 Exporting webdriver.chrome.driver as /Users/gulnozakasimova/.m2/repository/webdriver/chromedriver/mac64/112.0.5615.49/chromedriver
INFO 18:41:40:329 wdm.WebDriverManager detectDriverVersionFromBrowser:615 Using chromedriver 112.0.5615.49 (since Google Chrome 112 is installed in your machine)
INFO 18:41:40:345 wdm.WebDriverManager exportDriver:1113 Exporting webdriver.chrome.driver as /Users/gulnozakasimova/.m2/repository/webdriver/chromedriver/mac64/112.0.5615.49/chromedriver
INFO 18:41:52:241 wdm.WebDriverManager detectDriverVersionFromBrowser:615 Using chromedriver 112.0.5615.49 (since Google Chrome 112 is installed in your machine)
INFO 18:41:52:245 wdm.WebDriverManager exportDriver:1113 Exporting webdriver.chrome.driver as /Users/gulnozakasimova/.m2/repository/webdriver/chromedriver/mac64/112.0.5615.49/chromedriver
INFO 18:42:03:064 wdm.WebDriverManager detectDriverVersionFromBrowser:615 Using chromedriver 112.0.5615.49 (since Google Chrome 112 is installed in your machine)
INFO 18:42:03:067 wdm.WebDriverManager exportDriver:1113 Exporting webdriver.chrome.driver as /Users/gulnozakasimova/.m2/repository/webdriver/chromedriver/mac64/112.0.5615.49/chromedriver
INFO 18:42:13:110 wdm.WebDriverManager detectDriverVersionFromBrowser:615 Using chromedriver 112.0.5615.49 (since Google Chrome 112 is installed in your machine)
INFO 18:42:13:113 wdm.WebDriverManager exportDriver:1113 Exporting webdriver.chrome.driver as /Users/gulnozakasimova/.m2/repository/webdriver/chromedriver/mac64/112.0.5615.49/chromedriver
INFO 18:42:22:775 wdm.WebDriverManager detectDriverVersionFromBrowser:615 Using chromedriver 112.0.5615.49 (since Google Chrome 112 is installed in your machine)
INFO 18:42:22:778 wdm.WebDriverManager exportDriver:1113 Exporting webdriver.chrome.driver as /Users/gulnozakasimova/.m2/repository/webdriver/chromedriver/mac64/112.0.5615.49/chromedriver
INFO 18:42:32:483 wdm.WebDriverManager detectDriverVersionFromBrowser:615 Using chromedriver 112.0.5615.49 (since Google Chrome 112 is installed in your machine)
INFO 18:42:32:488 wdm.WebDriverManager exportDriver:1113 Exporting webdriver.chrome.driver as /Users/gulnozakasimova/.m2/repository/webdriver/chromedriver/mac64/112.0.5615.49/chromedriver
INFO 10:12:27:490 wdm.WebDriverManager detectDriverVersionFromBrowser:615 Using chromedriver 112.0.5615.49 (since Google Chrome 112 is installed in your machine)
INFO 10:12:27:512 wdm.WebDriverManager exportDriver:1113 Exporting webdriver.chrome.driver as /Users/gulnozakasimova/.m2/repository/webdriver/chromedriver/mac64/112.0.5615.49/chromedriver
INFO 10:12:41:066 wdm.WebDriverManager detectDriverVersionFromBrowser:615 Using chromedriver 112.0.5615.49 (since Google Chrome 112 is installed in your machine)
INFO 10:12:41:072 wdm.WebDriverManager exportDriver:1113 Exporting webdriver.chrome.driver as /Users/gulnozakasimova/.m2/repository/webdriver/chromedriver/mac64/112.0.5615.49/chromedriver
INFO 10:12:51:476 wdm.WebDriverManager detectDriverVersionFromBrowser:615 Using chromedriver 112.0.5615.49 (since Google Chrome 112 is installed in your machine)
INFO 10:12:51:481 wdm.WebDriverManager exportDriver:1113 Exporting webdriver.chrome.driver as /Users/gulnozakasimova/.m2/repository/webdriver/chromedriver/mac64/112.0.5615.49/chromedriver
INFO 10:13:02:075 wdm.WebDriverManager detectDriverVersionFromBrowser:615 Using chromedriver 112.0.5615.49 (since Google Chrome 112 is installed in your machine)
INFO 10:13:02:078 wdm.WebDriverManager exportDriver:1113 Exporting webdriver.chrome.driver as /Users/gulnozakasimova/.m2/repository/webdriver/chromedriver/mac64/112.0.5615.49/chromedriver
INFO 10:13:11:385 wdm.WebDriverManager detectDriverVersionFromBrowser:615 Using chromedriver 112.0.5615.49 (since Google Chrome 112 is installed in your machine)
INFO 10:13:11:389 wdm.WebDriverManager exportDriver:1113 Exporting webdriver.chrome.driver as /Users/gulnozakasimova/.m2/repository/webdriver/chromedriver/mac64/112.0.5615.49/chromedriver
INFO 10:13:23:915 wdm.WebDriverManager detectDriverVersionFromBrowser:615 Using chromedriver 112.0.5615.49 (since Google Chrome 112 is installed in your machine)
INFO 10:13:23:921 wdm.WebDriverManager exportDriver:1113 Exporting webdriver.chrome.driver as /Users/gulnozakasimova/.m2/repository/webdriver/chromedriver/mac64/112.0.5615.49/chromedriver
INFO 10:13:33:306 wdm.WebDriverManager detectDriverVersionFromBrowser:615 Using chromedriver 112.0.5615.49 (since Google Chrome 112 is installed in your machine)
INFO 10:13:33:309 wdm.WebDriverManager exportDriver:1113 Exporting webdriver.chrome.driver as /Users/gulnozakasimova/.m2/repository/webdriver/chromedriver/mac64/112.0.5615.49/chromedriver
INFO 10:13:45:308 wdm.WebDriverManager detectDriverVersionFromBrowser:615 Using chromedriver 112.0.5615.49 (since Google Chrome 112 is installed in your machine)
INFO 10:13:45:313 wdm.WebDriverManager exportDriver:1113 Exporting webdriver.chrome.driver as /Users/gulnozakasimova/.m2/repository/webdriver/chromedriver/mac64/112.0.5615.49/chromedriver
INFO 10:13:54:327 wdm.WebDriverManager detectDriverVersionFromBrowser:615 Using chromedriver 112.0.5615.49 (since Google Chrome 112 is installed in your machine)
INFO 10:13:54:333 wdm.WebDriverManager exportDriver:1113 Exporting webdriver.chrome.driver as /Users/gulnozakasimova/.m2/repository/webdriver/chromedriver/mac64/112.0.5615.49/chromedriver
INFO 10:14:06:402 wdm.WebDriverManager detectDriverVersionFromBrowser:615 Using chromedriver 112.0.5615.49 (since Google Chrome 112 is installed in your machine)
INFO 10:14:06:406 wdm.WebDriverManager exportDriver:1113 Exporting webdriver.chrome.driver as /Users/gulnozakasimova/.m2/repository/webdriver/chromedriver/mac64/112.0.5615.49/chromedriver
INFO 10:14:14:760 wdm.WebDriverManager detectDriverVersionFromBrowser:615 Using chromedriver 112.0.5615.49 (since Google Chrome 112 is installed in your machine)
INFO 10:14:14:763 wdm.WebDriverManager exportDriver:1113 Exporting webdriver.chrome.driver as /Users/gulnozakasimova/.m2/repository/webdriver/chromedriver/mac64/112.0.5615.49/chromedriver
INFO 10:14:25:627 wdm.WebDriverManager detectDriverVersionFromBrowser:615 Using chromedriver 112.0.5615.49 (since Google Chrome 112 is installed in your machine)
INFO 10:14:25:629 wdm.WebDriverManager exportDriver:1113 Exporting webdriver.chrome.driver as /Users/gulnozakasimova/.m2/repository/webdriver/chromedriver/mac64/112.0.5615.49/chromedriver
INFO 10:18:40:093 wdm.WebDriverManager detectDriverVersionFromBrowser:615 Using chromedriver 112.0.5615.49 (since Google Chrome 112 is installed in your machine)
INFO 10:18:40:111 wdm.WebDriverManager exportDriver:1113 Exporting webdriver.chrome.driver as /Users/gulnozakasimova/.m2/repository/webdriver/chromedriver/mac64/112.0.5615.49/chromedriver
INFO 10:18:52:516 wdm.WebDriverManager detectDriverVersionFromBrowser:615 Using chromedriver 112.0.5615.49 (since Google Chrome 112 is installed in your machine)
INFO 10:18:52:522 wdm.WebDriverManager exportDriver:1113 Exporting webdriver.chrome.driver as /Users/gulnozakasimova/.m2/repository/webdriver/chromedriver/mac64/112.0.5615.49/chromedriver
INFO 10:19:01:751 wdm.WebDriverManager detectDriverVersionFromBrowser:615 Using chromedriver 112.0.5615.49 (since Google Chrome 112 is installed in your machine)
INFO 10:19:01:756 wdm.WebDriverManager exportDriver:1113 Exporting webdriver.chrome.driver as /Users/gulnozakasimova/.m2/repository/webdriver/chromedriver/mac64/112.0.5615.49/chromedriver
INFO 10:19:12:355 wdm.WebDriverManager detectDriverVersionFromBrowser:615 Using chromedriver 112.0.5615.49 (since Google Chrome 112 is installed in your machine)
INFO 10:19:12:364 wdm.WebDriverManager exportDriver:1113 Exporting webdriver.chrome.driver as /Users/gulnozakasimova/.m2/repository/webdriver/chromedriver/mac64/112.0.5615.49/chromedriver
INFO 10:19:23:561 wdm.WebDriverManager detectDriverVersionFromBrowser:615 Using chromedriver 112.0.5615.49 (since Google Chrome 112 is installed in your machine)
INFO 10:19:23:565 wdm.WebDriverManager exportDriver:1113 Exporting webdriver.chrome.driver as /Users/gulnozakasimova/.m2/repository/webdriver/chromedriver/mac64/112.0.5615.49/chromedriver
INFO 10:19:33:145 wdm.WebDriverManager detectDriverVersionFromBrowser:615 Using chromedriver 112.0.5615.49 (since Google Chrome 112 is installed in your machine)
INFO 10:19:33:150 wdm.WebDriverManager exportDriver:1113 Exporting webdriver.chrome.driver as /Users/gulnozakasimova/.m2/repository/webdriver/chromedriver/mac64/112.0.5615.49/chromedriver
INFO 10:19:45:066 wdm.WebDriverManager detectDriverVersionFromBrowser:615 Using chromedriver 112.0.5615.49 (since Google Chrome 112 is installed in your machine)
INFO 10:19:45:072 wdm.WebDriverManager exportDriver:1113 Exporting webdriver.chrome.driver as /Users/gulnozakasimova/.m2/repository/webdriver/chromedriver/mac64/112.0.5615.49/chromedriver
INFO 10:19:53:592 wdm.WebDriverManager detectDriverVersionFromBrowser:615 Using chromedriver 112.0.5615.49 (since Google Chrome 112 is installed in your machine)
INFO 10:19:53:596 wdm.WebDriverManager exportDriver:1113 Exporting webdriver.chrome.driver as /Users/gulnozakasimova/.m2/repository/webdriver/chromedriver/mac64/112.0.5615.49/chromedriver
INFO 10:20:02:557 wdm.WebDriverManager detectDriverVersionFromBrowser:615 Using chromedriver 112.0.5615.49 (since Google Chrome 112 is installed in your machine)
INFO 10:20:02:562 wdm.WebDriverManager exportDriver:1113 Exporting webdriver.chrome.driver as /Users/gulnozakasimova/.m2/repository/webdriver/chromedriver/mac64/112.0.5615.49/chromedriver
INFO 10:20:11:870 wdm.WebDriverManager detectDriverVersionFromBrowser:615 Using chromedriver 112.0.5615.49 (since Google Chrome 112 is installed in your machine)
INFO 10:20:11:873 wdm.WebDriverManager exportDriver:1113 Exporting webdriver.chrome.driver as /Users/gulnozakasimova/.m2/repository/webdriver/chromedriver/mac64/112.0.5615.49/chromedriver
INFO 10:20:22:465 wdm.WebDriverManager detectDriverVersionFromBrowser:615 Using chromedriver 112.0.5615.49 (since Google Chrome 112 is installed in your machine)
INFO 10:20:22:468 wdm.WebDriverManager exportDriver:1113 Exporting webdriver.chrome.driver as /Users/gulnozakasimova/.m2/repository/webdriver/chromedriver/mac64/112.0.5615.49/chromedriver
INFO 10:20:31:466 wdm.WebDriverManager detectDriverVersionFromBrowser:615 Using chromedriver 112.0.5615.49 (since Google Chrome 112 is installed in your machine)
INFO 10:20:31:468 wdm.WebDriverManager exportDriver:1113 Exporting webdriver.chrome.driver as /Users/gulnozakasimova/.m2/repository/webdriver/chromedriver/mac64/112.0.5615.49/chromedriver
INFO 11:50:44:037 wdm.WebDriverManager detectDriverVersionFromBrowser:615 Using chromedriver 112.0.5615.49 (since Google Chrome 112 is installed in your machine)
INFO 11:50:44:052 wdm.WebDriverManager exportDriver:1113 Exporting webdriver.chrome.driver as /Users/gulnozakasimova/.m2/repository/webdriver/chromedriver/mac64/112.0.5615.49/chromedriver
INFO 11:56:44:651 wdm.WebDriverManager detectDriverVersionFromBrowser:615 Using chromedriver 112.0.5615.49 (since Google Chrome 112 is installed in your machine)
INFO 11:56:44:666 wdm.WebDriverManager exportDriver:1113 Exporting webdriver.chrome.driver as /Users/gulnozakasimova/.m2/repository/webdriver/chromedriver/mac64/112.0.5615.49/chromedriver
INFO 11:57:31:195 wdm.WebDriverManager detectDriverVersionFromBrowser:615 Using chromedriver 112.0.5615.49 (since Google Chrome 112 is installed in your machine)
INFO 11:57:31:212 wdm.WebDriverManager exportDriver:1113 Exporting webdriver.chrome.driver as /Users/gulnozakasimova/.m2/repository/webdriver/chromedriver/mac64/112.0.5615.49/chromedriver
INFO 11:58:26:515 wdm.WebDriverManager detectDriverVersionFromBrowser:615 Using chromedriver 112.0.5615.49 (since Google Chrome 112 is installed in your machine)
INFO 11:58:26:530 wdm.WebDriverManager exportDriver:1113 Exporting webdriver.chrome.driver as /Users/gulnozakasimova/.m2/repository/webdriver/chromedriver/mac64/112.0.5615.49/chromedriver
INFO 12:17:08:503 wdm.WebDriverManager detectDriverVersionFromBrowser:615 Using chromedriver 112.0.5615.49 (since Google Chrome 112 is installed in your machine)
INFO 12:17:08:519 wdm.WebDriverManager exportDriver:1113 Exporting webdriver.chrome.driver as /Users/gulnozakasimova/.m2/repository/webdriver/chromedriver/mac64/112.0.5615.49/chromedriver
INFO 12:39:40:639 wdm.WebDriverManager detectDriverVersionFromBrowser:615 Using chromedriver 112.0.5615.49 (since Google Chrome 112 is installed in your machine)
INFO 12:39:40:658 wdm.WebDriverManager exportDriver:1113 Exporting webdriver.chrome.driver as /Users/gulnozakasimova/.m2/repository/webdriver/chromedriver/mac64/112.0.5615.49/chromedriver
INFO 12:40:54:544 wdm.WebDriverManager detectDriverVersionFromBrowser:615 Using chromedriver 112.0.5615.49 (since Google Chrome 112 is installed in your machine)
INFO 12:40:54:560 wdm.WebDriverManager exportDriver:1113 Exporting webdriver.chrome.driver as /Users/gulnozakasimova/.m2/repository/webdriver/chromedriver/mac64/112.0.5615.49/chromedriver
INFO 12:42:27:022 wdm.WebDriverManager detectDriverVersionFromBrowser:615 Using chromedriver 112.0.5615.49 (since Google Chrome 112 is installed in your machine)
INFO 12:42:27:046 wdm.WebDriverManager exportDriver:1113 Exporting webdriver.chrome.driver as /Users/gulnozakasimova/.m2/repository/webdriver/chromedriver/mac64/112.0.5615.49/chromedriver
INFO 12:48:48:318 wdm.WebDriverManager detectDriverVersionFromBrowser:615 Using chromedriver 112.0.5615.49 (since Google Chrome 112 is installed in your machine)
INFO 12:48:48:337 wdm.WebDriverManager exportDriver:1113 Exporting webdriver.chrome.driver as /Users/gulnozakasimova/.m2/repository/webdriver/chromedriver/mac64/112.0.5615.49/chromedriver
INFO 12:49:33:347 wdm.WebDriverManager detectDriverVersionFromBrowser:615 Using chromedriver 112.0.5615.49 (since Google Chrome 112 is installed in your machine)
INFO 12:49:33:363 wdm.WebDriverManager exportDriver:1113 Exporting webdriver.chrome.driver as /Users/gulnozakasimova/.m2/repository/webdriver/chromedriver/mac64/112.0.5615.49/chromedriver
INFO 13:08:01:801 wdm.WebDriverManager detectDriverVersionFromBrowser:615 Using chromedriver 112.0.5615.49 (since Google Chrome 112 is installed in your machine)
INFO 13:08:01:821 wdm.WebDriverManager exportDriver:1113 Exporting webdriver.chrome.driver as /Users/gulnozakasimova/.m2/repository/webdriver/chromedriver/mac64/112.0.5615.49/chromedriver
INFO 13:15:43:891 wdm.WebDriverManager detectDriverVersionFromBrowser:615 Using chromedriver 112.0.5615.49 (since Google Chrome 112 is installed in your machine)
INFO 13:15:43:912 wdm.WebDriverManager exportDriver:1113 Exporting webdriver.chrome.driver as /Users/gulnozakasimova/.m2/repository/webdriver/chromedriver/mac64/112.0.5615.49/chromedriver
INFO 13:22:11:240 wdm.WebDriverManager detectDriverVersionFromBrowser:615 Using chromedriver 112.0.5615.49 (since Google Chrome 112 is installed in your machine)
INFO 13:22:11:257 wdm.WebDriverManager exportDriver:1113 Exporting webdriver.chrome.driver as /Users/gulnozakasimova/.m2/repository/webdriver/chromedriver/mac64/112.0.5615.49/chromedriver
INFO 13:29:55:710 wdm.WebDriverManager detectDriverVersionFromBrowser:615 Using chromedriver 112.0.5615.49 (since Google Chrome 112 is installed in your machine)
INFO 13:29:55:724 wdm.WebDriverManager exportDriver:1113 Exporting webdriver.chrome.driver as /Users/gulnozakasimova/.m2/repository/webdriver/chromedriver/mac64/112.0.5615.49/chromedriver
INFO 13:32:03:747 wdm.WebDriverManager detectDriverVersionFromBrowser:615 Using chromedriver 112.0.5615.49 (since Google Chrome 112 is installed in your machine)
INFO 13:32:03:764 wdm.WebDriverManager exportDriver:1113 Exporting webdriver.chrome.driver as /Users/gulnozakasimova/.m2/repository/webdriver/chromedriver/mac64/112.0.5615.49/chromedriver
INFO 13:38:33:767 wdm.WebDriverManager detectDriverVersionFromBrowser:615 Using chromedriver 112.0.5615.49 (since Google Chrome 112 is installed in your machine)
INFO 13:38:33:783 wdm.WebDriverManager exportDriver:1113 Exporting webdriver.chrome.driver as /Users/gulnozakasimova/.m2/repository/webdriver/chromedriver/mac64/112.0.5615.49/chromedriver
INFO 13:40:57:313 wdm.WebDriverManager detectDriverVersionFromBrowser:615 Using chromedriver 112.0.5615.49 (since Google Chrome 112 is installed in your machine)
INFO 13:40:57:330 wdm.WebDriverManager exportDriver:1113 Exporting webdriver.chrome.driver as /Users/gulnozakasimova/.m2/repository/webdriver/chromedriver/mac64/112.0.5615.49/chromedriver
INFO 13:53:08:395 wdm.WebDriverManager detectDriverVersionFromBrowser:615 Using chromedriver 112.0.5615.49 (since Google Chrome 112 is installed in your machine)
INFO 13:53:08:411 wdm.WebDriverManager exportDriver:1113 Exporting webdriver.chrome.driver as /Users/gulnozakasimova/.m2/repository/webdriver/chromedriver/mac64/112.0.5615.49/chromedriver
INFO 13:54:06:027 wdm.WebDriverManager detectDriverVersionFromBrowser:615 Using chromedriver 112.0.5615.49 (since Google Chrome 112 is installed in your machine)
INFO 13:54:06:041 wdm.WebDriverManager exportDriver:1113 Exporting webdriver.chrome.driver as /Users/gulnozakasimova/.m2/repository/webdriver/chromedriver/mac64/112.0.5615.49/chromedriver
INFO 14:08:54:899 wdm.WebDriverManager detectDriverVersionFromBrowser:615 Using chromedriver 112.0.5615.49 (since Google Chrome 112 is installed in your machine)
INFO 14:08:54:916 wdm.WebDriverManager exportDriver:1113 Exporting webdriver.chrome.driver as /Users/gulnozakasimova/.m2/repository/webdriver/chromedriver/mac64/112.0.5615.49/chromedriver
INFO 14:12:49:475 wdm.WebDriverManager detectDriverVersionFromBrowser:615 Using chromedriver 112.0.5615.49 (since Google Chrome 112 is installed in your machine)
INFO 14:12:49:492 wdm.WebDriverManager exportDriver:1113 Exporting webdriver.chrome.driver as /Users/gulnozakasimova/.m2/repository/webdriver/chromedriver/mac64/112.0.5615.49/chromedriver
INFO 14:13:55:643 wdm.WebDriverManager detectDriverVersionFromBrowser:615 Using chromedriver 112.0.5615.49 (since Google Chrome 112 is installed in your machine)
INFO 14:13:55:657 wdm.WebDriverManager exportDriver:1113 Exporting webdriver.chrome.driver as /Users/gulnozakasimova/.m2/repository/webdriver/chromedriver/mac64/112.0.5615.49/chromedriver
INFO 14:18:27:169 wdm.WebDriverManager detectDriverVersionFromBrowser:615 Using chromedriver 112.0.5615.49 (since Google Chrome 112 is installed in your machine)
INFO 14:18:27:185 wdm.WebDriverManager exportDriver:1113 Exporting webdriver.chrome.driver as /Users/gulnozakasimova/.m2/repository/webdriver/chromedriver/mac64/112.0.5615.49/chromedriver
INFO 14:20:35:296 wdm.WebDriverManager detectDriverVersionFromBrowser:615 Using chromedriver 112.0.5615.49 (since Google Chrome 112 is installed in your machine)
INFO 14:20:35:312 wdm.WebDriverManager exportDriver:1113 Exporting webdriver.chrome.driver as /Users/gulnozakasimova/.m2/repository/webdriver/chromedriver/mac64/112.0.5615.49/chromedriver
INFO 14:21:43:801 wdm.WebDriverManager detectDriverVersionFromBrowser:615 Using chromedriver 112.0.5615.49 (since Google Chrome 112 is installed in your machine)
INFO 14:21:43:820 wdm.WebDriverManager exportDriver:1113 Exporting webdriver.chrome.driver as /Users/gulnozakasimova/.m2/repository/webdriver/chromedriver/mac64/112.0.5615.49/chromedriver
INFO 14:24:41:553 wdm.WebDriverManager detectDriverVersionFromBrowser:615 Using chromedriver 112.0.5615.49 (since Google Chrome 112 is installed in your machine)
INFO 14:24:41:571 wdm.WebDriverManager exportDriver:1113 Exporting webdriver.chrome.driver as /Users/gulnozakasimova/.m2/repository/webdriver/chromedriver/mac64/112.0.5615.49/chromedriver
INFO 14:26:13:571 wdm.WebDriverManager detectDriverVersionFromBrowser:615 Using chromedriver 112.0.5615.49 (since Google Chrome 112 is installed in your machine)
INFO 14:26:13:586 wdm.WebDriverManager exportDriver:1113 Exporting webdriver.chrome.driver as /Users/gulnozakasimova/.m2/repository/webdriver/chromedriver/mac64/112.0.5615.49/chromedriver
INFO 14:26:59:779 wdm.WebDriverManager detectDriverVersionFromBrowser:615 Using chromedriver 112.0.5615.49 (since Google Chrome 112 is installed in your machine)
INFO 14:26:59:795 wdm.WebDriverManager exportDriver:1113 Exporting webdriver.chrome.driver as /Users/gulnozakasimova/.m2/repository/webdriver/chromedriver/mac64/112.0.5615.49/chromedriver
INFO 14:27:41:917 wdm.WebDriverManager detectDriverVersionFromBrowser:615 Using chromedriver 112.0.5615.49 (since Google Chrome 112 is installed in your machine)
INFO 14:27:41:933 wdm.WebDriverManager exportDriver:1113 Exporting webdriver.chrome.driver as /Users/gulnozakasimova/.m2/repository/webdriver/chromedriver/mac64/112.0.5615.49/chromedriver
INFO 14:37:06:101 wdm.WebDriverManager detectDriverVersionFromBrowser:615 Using chromedriver 112.0.5615.49 (since Google Chrome 112 is installed in your machine)
INFO 14:37:06:121 wdm.WebDriverManager exportDriver:1113 Exporting webdriver.chrome.driver as /Users/gulnozakasimova/.m2/repository/webdriver/chromedriver/mac64/112.0.5615.49/chromedriver
INFO 14:57:12:117 wdm.WebDriverManager detectDriverVersionFromBrowser:615 Using chromedriver 112.0.5615.49 (since Google Chrome 112 is installed in your machine)
INFO 14:57:12:135 wdm.WebDriverManager exportDriver:1113 Exporting webdriver.chrome.driver as /Users/gulnozakasimova/.m2/repository/webdriver/chromedriver/mac64/112.0.5615.49/chromedriver
INFO 15:08:25:040 wdm.WebDriverManager detectDriverVersionFromBrowser:615 Using chromedriver 112.0.5615.49 (since Google Chrome 112 is installed in your machine)
INFO 15:08:25:056 wdm.WebDriverManager exportDriver:1113 Exporting webdriver.chrome.driver as /Users/gulnozakasimova/.m2/repository/webdriver/chromedriver/mac64/112.0.5615.49/chromedriver
INFO 18:58:54:650 wdm.WebDriverManager detectDriverVersionFromBrowser:615 Using chromedriver 112.0.5615.49 (since Google Chrome 112 is installed in your machine)
INFO 18:58:54:666 wdm.WebDriverManager exportDriver:1113 Exporting webdriver.chrome.driver as /Users/gulnozakasimova/.m2/repository/webdriver/chromedriver/mac64/112.0.5615.49/chromedriver
INFO 19:08:18:752 wdm.WebDriverManager detectDriverVersionFromBrowser:615 Using chromedriver 112.0.5615.49 (since Google Chrome 112 is installed in your machine)
INFO 19:08:18:769 wdm.WebDriverManager exportDriver:1113 Exporting webdriver.chrome.driver as /Users/gulnozakasimova/.m2/repository/webdriver/chromedriver/mac64/112.0.5615.49/chromedriver
INFO 19:11:06:880 wdm.WebDriverManager detectDriverVersionFromBrowser:615 Using chromedriver 112.0.5615.49 (since Google Chrome 112 is installed in your machine)
INFO 19:11:06:898 wdm.WebDriverManager exportDriver:1113 Exporting webdriver.chrome.driver as /Users/gulnozakasimova/.m2/repository/webdriver/chromedriver/mac64/112.0.5615.49/chromedriver
INFO 19:16:29:970 wdm.WebDriverManager detectDriverVersionFromBrowser:615 Using chromedriver 112.0.5615.49 (since Google Chrome 112 is installed in your machine)
INFO 19:16:29:988 wdm.WebDriverManager exportDriver:1113 Exporting webdriver.chrome.driver as /Users/gulnozakasimova/.m2/repository/webdriver/chromedriver/mac64/112.0.5615.49/chromedriver
INFO 19:17:10:131 wdm.WebDriverManager detectDriverVersionFromBrowser:615 Using chromedriver 112.0.5615.49 (since Google Chrome 112 is installed in your machine)
INFO 19:17:10:149 wdm.WebDriverManager exportDriver:1113 Exporting webdriver.chrome.driver as /Users/gulnozakasimova/.m2/repository/webdriver/chromedriver/mac64/112.0.5615.49/chromedriver
INFO 19:29:27:382 wdm.WebDriverManager detectDriverVersionFromBrowser:615 Using chromedriver 112.0.5615.49 (since Google Chrome 112 is installed in your machine)
INFO 19:29:27:398 wdm.WebDriverManager exportDriver:1113 Exporting webdriver.chrome.driver as /Users/gulnozakasimova/.m2/repository/webdriver/chromedriver/mac64/112.0.5615.49/chromedriver
INFO 19:30:48:761 wdm.WebDriverManager detectDriverVersionFromBrowser:615 Using chromedriver 112.0.5615.49 (since Google Chrome 112 is installed in your machine)
INFO 19:30:48:778 wdm.WebDriverManager exportDriver:1113 Exporting webdriver.chrome.driver as /Users/gulnozakasimova/.m2/repository/webdriver/chromedriver/mac64/112.0.5615.49/chromedriver
INFO 19:33:21:805 wdm.WebDriverManager detectDriverVersionFromBrowser:615 Using chromedriver 112.0.5615.49 (since Google Chrome 112 is installed in your machine)
INFO 19:33:21:823 wdm.WebDriverManager exportDriver:1113 Exporting webdriver.chrome.driver as /Users/gulnozakasimova/.m2/repository/webdriver/chromedriver/mac64/112.0.5615.49/chromedriver
INFO 19:37:23:875 wdm.WebDriverManager detectDriverVersionFromBrowser:615 Using chromedriver 112.0.5615.49 (since Google Chrome 112 is installed in your machine)
INFO 19:37:23:891 wdm.WebDriverManager exportDriver:1113 Exporting webdriver.chrome.driver as /Users/gulnozakasimova/.m2/repository/webdriver/chromedriver/mac64/112.0.5615.49/chromedriver
INFO 19:42:44:583 wdm.WebDriverManager detectDriverVersionFromBrowser:615 Using chromedriver 112.0.5615.49 (since Google Chrome 112 is installed in your machine)
INFO 19:42:44:601 wdm.WebDriverManager exportDriver:1113 Exporting webdriver.chrome.driver as /Users/gulnozakasimova/.m2/repository/webdriver/chromedriver/mac64/112.0.5615.49/chromedriver
INFO 19:48:17:279 wdm.WebDriverManager detectDriverVersionFromBrowser:615 Using chromedriver 112.0.5615.49 (since Google Chrome 112 is installed in your machine)
INFO 19:48:17:296 wdm.WebDriverManager exportDriver:1113 Exporting webdriver.chrome.driver as /Users/gulnozakasimova/.m2/repository/webdriver/chromedriver/mac64/112.0.5615.49/chromedriver
INFO 19:49:52:249 wdm.WebDriverManager detectDriverVersionFromBrowser:615 Using chromedriver 112.0.5615.49 (since Google Chrome 112 is installed in your machine)
INFO 19:49:52:267 wdm.WebDriverManager exportDriver:1113 Exporting webdriver.chrome.driver as /Users/gulnozakasimova/.m2/repository/webdriver/chromedriver/mac64/112.0.5615.49/chromedriver
INFO 19:51:01:118 wdm.WebDriverManager detectDriverVersionFromBrowser:615 Using chromedriver 112.0.5615.49 (since Google Chrome 112 is installed in your machine)
INFO 19:51:01:136 wdm.WebDriverManager exportDriver:1113 Exporting webdriver.chrome.driver as /Users/gulnozakasimova/.m2/repository/webdriver/chromedriver/mac64/112.0.5615.49/chromedriver
INFO 20:06:07:159 wdm.WebDriverManager detectDriverVersionFromBrowser:615 Using chromedriver 112.0.5615.49 (since Google Chrome 112 is installed in your machine)
INFO 20:06:07:174 wdm.WebDriverManager exportDriver:1113 Exporting webdriver.chrome.driver as /Users/gulnozakasimova/.m2/repository/webdriver/chromedriver/mac64/112.0.5615.49/chromedriver
INFO 20:06:43:630 wdm.WebDriverManager detectDriverVersionFromBrowser:615 Using chromedriver 112.0.5615.49 (since Google Chrome 112 is installed in your machine)
INFO 20:06:43:647 wdm.WebDriverManager exportDriver:1113 Exporting webdriver.chrome.driver as /Users/gulnozakasimova/.m2/repository/webdriver/chromedriver/mac64/112.0.5615.49/chromedriver
INFO 20:11:40:624 wdm.WebDriverManager detectDriverVersionFromBrowser:615 Using chromedriver 112.0.5615.49 (since Google Chrome 112 is installed in your machine)
INFO 20:11:40:651 wdm.WebDriverManager exportDriver:1113 Exporting webdriver.chrome.driver as /Users/gulnozakasimova/.m2/repository/webdriver/chromedriver/mac64/112.0.5615.49/chromedriver
INFO 20:12:49:808 wdm.WebDriverManager detectDriverVersionFromBrowser:615 Using chromedriver 112.0.5615.49 (since Google Chrome 112 is installed in your machine)
INFO 20:12:49:824 wdm.WebDriverManager exportDriver:1113 Exporting webdriver.chrome.driver as /Users/gulnozakasimova/.m2/repository/webdriver/chromedriver/mac64/112.0.5615.49/chromedriver
INFO 20:16:40:191 wdm.WebDriverManager detectDriverVersionFromBrowser:615 Using chromedriver 112.0.5615.49 (since Google Chrome 112 is installed in your machine)
INFO 20:16:40:209 wdm.WebDriverManager exportDriver:1113 Exporting webdriver.chrome.driver as /Users/gulnozakasimova/.m2/repository/webdriver/chromedriver/mac64/112.0.5615.49/chromedriver
INFO 20:18:53:430 wdm.WebDriverManager detectDriverVersionFromBrowser:615 Using chromedriver 112.0.5615.49 (since Google Chrome 112 is installed in your machine)
INFO 20:18:53:453 wdm.WebDriverManager exportDriver:1113 Exporting webdriver.chrome.driver as /Users/gulnozakasimova/.m2/repository/webdriver/chromedriver/mac64/112.0.5615.49/chromedriver
INFO 20:19:35:484 wdm.WebDriverManager detectDriverVersionFromBrowser:615 Using chromedriver 112.0.5615.49 (since Google Chrome 112 is installed in your machine)
INFO 20:19:35:504 wdm.WebDriverManager exportDriver:1113 Exporting webdriver.chrome.driver as /Users/gulnozakasimova/.m2/repository/webdriver/chromedriver/mac64/112.0.5615.49/chromedriver
INFO 10:13:43:272 wdm.WebDriverManager detectDriverVersionFromBrowser:615 Using chromedriver 112.0.5615.49 (since Google Chrome 112 is installed in your machine)
INFO 10:13:43:293 wdm.WebDriverManager exportDriver:1113 Exporting webdriver.chrome.driver as /Users/gulnozakasimova/.m2/repository/webdriver/chromedriver/mac64/112.0.5615.49/chromedriver
INFO 10:17:16:841 wdm.WebDriverManager detectDriverVersionFromBrowser:615 Using chromedriver 112.0.5615.49 (since Google Chrome 112 is installed in your machine)
INFO 10:17:16:861 wdm.WebDriverManager exportDriver:1113 Exporting webdriver.chrome.driver as /Users/gulnozakasimova/.m2/repository/webdriver/chromedriver/mac64/112.0.5615.49/chromedriver
INFO 11:07:34:554 wdm.WebDriverManager detectDriverVersionFromBrowser:615 Using chromedriver 112.0.5615.49 (since Google Chrome 112 is installed in your machine)
INFO 11:07:34:571 wdm.WebDriverManager exportDriver:1113 Exporting webdriver.chrome.driver as /Users/gulnozakasimova/.m2/repository/webdriver/chromedriver/mac64/112.0.5615.49/chromedriver
INFO 11:18:20:380 wdm.WebDriverManager detectDriverVersionFromBrowser:615 Using chromedriver 112.0.5615.49 (since Google Chrome 112 is installed in your machine)
INFO 11:18:20:398 wdm.WebDriverManager exportDriver:1113 Exporting webdriver.chrome.driver as /Users/gulnozakasimova/.m2/repository/webdriver/chromedriver/mac64/112.0.5615.49/chromedriver
INFO 11:20:09:435 wdm.WebDriverManager detectDriverVersionFromBrowser:615 Using chromedriver 112.0.5615.49 (since Google Chrome 112 is installed in your machine)
INFO 11:20:09:453 wdm.WebDriverManager exportDriver:1113 Exporting webdriver.chrome.driver as /Users/gulnozakasimova/.m2/repository/webdriver/chromedriver/mac64/112.0.5615.49/chromedriver
